mai. 12, 2025 8:27:10 PM liquibase.changelog
INFORMAÇÕES: Reading resource: db/changelog/migrations/db.changelog-202505120104.sql
mai. 12, 2025 8:27:10 PM liquibase.changelog
INFORMAÇÕES: Reading resource: db/changelog/migrations/db.changelog-202505120107.sql
mai. 12, 2025 8:27:10 PM liquibase.changelog
INFORMAÇÕES: Reading resource: db/changelog/migrations/db.changelog-202505120113.sql
mai. 12, 2025 8:27:10 PM liquibase.changelog
INFORMAÇÕES: Reading resource: db/changelog/migrations/db.changelog-202505120115.sql
mai. 12, 2025 8:27:10 PM liquibase.changelog
INFORMAÇÕES: Reading from board.databasechangelog
Database is up to date, no changesets to execute
mai. 12, 2025 8:27:10 PM liquibase.changelog
INFORMAÇÕES: Reading from board.databasechangelog

UPDATE SUMMARY
Run:                          0
Previously run:               4
Filtered out:                 0
-------------------------------
Total change sets:            4

mai. 12, 2025 8:27:10 PM liquibase.util
INFORMAÇÕES: UPDATE SUMMARY
mai. 12, 2025 8:27:10 PM liquibase.util
INFORMAÇÕES: Run:                          0
mai. 12, 2025 8:27:10 PM liquibase.util
INFORMAÇÕES: Previously run:               4
mai. 12, 2025 8:27:10 PM liquibase.util
INFORMAÇÕES: Filtered out:                 0
mai. 12, 2025 8:27:10 PM liquibase.util
INFORMAÇÕES: -------------------------------
mai. 12, 2025 8:27:10 PM liquibase.util
INFORMAÇÕES: Total change sets:            4
mai. 12, 2025 8:27:10 PM liquibase.util
INFORMAÇÕES: Update summary generated
mai. 12, 2025 8:27:10 PM liquibase.command
INFORMAÇÕES: Command execution complete
